NRdZ- Maggie Zhao, Bill Ni, Raunak Chowdhury

1. C) 2
n = 2013
for (int i = 0; i< 42; i ++)
    i = 0; n = (2013 + 5) / 3 = 672
    i = 1; n = (672 + 5) / 3 = 225
    i = 2; n = (225 + 5) / 3 = 76
    i = 3; n = (76 + 5) / 3 = 27
    i = 4; n = (27 + 5) / 3 = 10
    i = 5; n = (10 + 5) / 3 = 5
    i = 6; n = (5 + 5) / 3 = 1
    i = 7; n = (1 + 5) / 3 = 2
    i = 8; n = (2 + 5) / 3 = 2
    i = 9; n = (2 + 5) / 3 = 2
    [repeat until i = 41]

2. D) 3
int[] a = {0, 2, 3, 4, 1, 3}
a.length = 5
for (int i= 0; i < 5; i++ )
    a[0] = a[ (0 + 3) % 5]
    	 = a[3] = 4
a = {4, 2, 3, 4, 1, 3}
    a[1] = a[ (1 + 3) % 5]
    	 = a[4] = 3
a = {4, 3, 3, 4, 1, 3}

3. D) 2 is NOT equal to 1
nums = {2, 1, 2}
x = 2
y = 1
2!= 1

4. E
cities  = {Atlanta, Boston}; size() = 2
for (int i = 1; i < cities.size(); i ++)
    i = 1, i < 2
    cities = {Atlanta, +, Boston}; cities.size() = 3
    i = 2; i < 3
    cities = {Atlanta, +, +, Boston}; cities.size() = 4
    [repeats infinitely]

5. C) methodA and methodB
inherit through interfaces:
Interface B has void methodB(); and Interface A has void methodB();

6. B) InterfaceB obj = new ClassA();

7. A) Use one class, Car, which has three data fields:
      	  int numDoors, boolean hasAir, and double milesPerGallon

8. A) I only
      the method is abstract and has to has the same signature

9. 